make all --print-data-base --no-builtin-variables --no-builtin-rules --question
# GNU Make 4.3
# Built for x86_64-apple-darwin20.1.0
# Copyright (C) 1988-2020 Free Software Foundation, Inc.
# License GPLv3+: GNU GPL version 3 or later <http://gnu.org/licenses/gpl.html>
# This is free software: you are free to change and redistribute it.
# There is NO WARRANTY, to the extent permitted by law.

# Make data base, printed on Mon Oct 25 21:30:32 2021

# Variables

# environment
LC_TERMINAL = iTerm2
# environment
LC_ALL = C
# environment
TMPDIR = /var/folders/s4/kyjq6zms45l84rn_jbk5_1mc0000gn/T/
# environment
XPC_SERVICE_NAME = application.com.microsoft.VSCode.59809730.59809736.DADDA877-B83C-4007-BF1C-4D23EAFDDB4B
# environment
VSCODE_IPC_HOOK_EXTHOST = /var/folders/s4/kyjq6zms45l84rn_jbk5_1mc0000gn/T/vscode-ipc-235b7fb1-e27c-4b5a-a069-cf1b65819cad.sock
# environment
VSCODE_CWD = /Users/greysonmurray/Developer/cpp/compiler-tests
# environment
LC_TERMINAL_VERSION = 3.4.20201227
# environment
NVM_DIR = /Users/greysonmurray/.nvm
# default
MAKE_COMMAND := make
# environment
__CFBundleIdentifier = com.microsoft.VSCode
# automatic
@D = $(patsubst %/,%,$(dir $@))
# environment
VSCODE_HANDLES_UNCAUGHT_ERRORS = true
# default
.VARIABLES := 
# environment
COMMAND_MODE = unix2003
# environment
PWD = /Users/greysonmurray/developer/cpp/compiler-tests
# automatic
%D = $(patsubst %/,%,$(dir $%))
# automatic
^D = $(patsubst %/,%,$(dir $^))
# environment
VSCODE_LOG_STACK = false
# automatic
%F = $(notdir $%)
# environment
NVM_INC = /Users/greysonmurray/.nvm/versions/node/v16.10.0/include/node
# environment
VSCODE_CODE_CACHE_PATH = /Users/greysonmurray/Library/Application Support/Code/CachedData/6cba118ac49a1b88332f312a8f67186f7f3c1643
# environment
LANG = C
# default
.LOADED := 
# default
.INCLUDE_DIRS = /usr/local/Cellar/make/4.3/include /usr/local/include
# environment
COLORFGBG = 15;0
# environment
__CF_USER_TEXT_ENCODING = 0x1F5:0x0:0x0
# makefile
MAKEFLAGS = pqrR
# makefile
CURDIR := /Users/greysonmurray/Developer/cpp/compiler-tests
# environment
VSCODE_PIPE_LOGGING = true
# environment
APPLICATION_INSIGHTS_NO_DIAGNOSTIC_CHANNEL = true
# makefile (from 'Makefile', line 6)
SRCS := src/visitors/ASTStringifier.cpp src/visitors/CodegenVisitor.cpp src/Operator.cpp src/Lexer.cpp src/io.cpp src/compile.cpp src/ast/VariableAST.cpp src/ast/AST.cpp src/ast/ExpressionAST.cpp src/ast/NumberAST.cpp src/ast/ModuleAST.cpp src/Parser.cpp src/main.cpp src/Token.cpp
# automatic
*D = $(patsubst %/,%,$(dir $*))
# environment
MFLAGS = -pqrR
# environment
SSH_AUTH_SOCK = /private/tmp/com.apple.launchd.FIdoq4r0wU/Listeners
# default
.SHELLFLAGS := -c
# environment
NVM_BIN = /Users/greysonmurray/.nvm/versions/node/v16.10.0/bin
# automatic
+D = $(patsubst %/,%,$(dir $+))
# makefile (from 'Makefile', line 1)
MAKEFILE_LIST := Makefile
# automatic
@F = $(notdir $@)
# environment
VSCODE_VERBOSE_LOGGING = true
# environment
VSCODE_PID = 37592
# automatic
?D = $(patsubst %/,%,$(dir $?))
# automatic
*F = $(notdir $*)
# automatic
<D = $(patsubst %/,%,$(dir $<))
# makefile (from 'Makefile', line 5)
EXEC = out
# environment
ITERM_PROFILE = Nord
# environment
VSCODE_NLS_CONFIG = {"locale":"en-us","availableLanguages":{},"_languagePackSupport":true}
# default
MAKE_HOST := x86_64-apple-darwin20.1.0
# makefile (from 'Makefile', line 7)
OBJS := src/visitors/ASTStringifier.o src/visitors/CodegenVisitor.o src/Operator.o src/Lexer.o src/io.o src/compile.o src/ast/VariableAST.o src/ast/AST.o src/ast/ExpressionAST.o src/ast/NumberAST.o src/ast/ModuleAST.o src/Parser.o src/main.o src/Token.o
# makefile
SHELL = /bin/sh
# default
MAKECMDGOALS := all
# environment
SHLVL = 3
# environment
MAKELEVEL := 0
# environment
ITERM_SESSION_ID = w0t0p0:1029A118-CDD4-439D-8CB3-1E696090AAED
# default
MAKE = $(MAKE_COMMAND)
# environment
PATH = /Users/greysonmurray/.nvm/versions/node/v16.10.0/bin:/usr/local/opt/llvm/bin:/Users/greysonmurray/Developer/ninja:/usr/local/opt/make/libexec/gnubin:/Users/greysonmurray/Developer/Flutter/flutter-installation/flutter/.pub-cache/bin:/Users/greysonmurray/Developer/Flutter/flutter-installation/flutter/bin:/usr/local/bin/vim:/Library/Frameworks/Python.framework/Versions/3.9/bin:/Library/Frameworks/Python.framework/Versions/3.8/bin:/usr/local/bin:/usr/bin:/bin:/usr/sbin:/sbin:/Library/Apple/usr/bin:/Library/Apple/bin:/usr/bin/nasm:/usr/local/share/dotnet:~/.dotnet/tools:/Library/Frameworks/Mono.framework/Versions/Current/Commands:/Users/greysonmurray/bin/
# default
MAKEFILES := 
# automatic
^F = $(notdir $^)
# environment
VSCODE_LOG_NATIVE = false
# environment
TERM_PROGRAM = iTerm.app
# automatic
?F = $(notdir $?)
# automatic
+F = $(notdir $+)
# environment
ORIGINAL_XDG_CURRENT_DESKTOP = undefined
# 'override' directive
GNUMAKEFLAGS := 
# environment
LOGNAME = greysonmurray
# environment
XPC_FLAGS = 0x0
# makefile
.DEFAULT_GOAL := all
# environment
USER = greysonmurray
# default
MAKE_VERSION := 4.3
# 'override' directive
.SHELLSTATUS := 0
# makefile (from 'Makefile', line 3)
LDFLAGS := -L/usr/local/Cellar/llvm/12.0.1/lib -Wl,-search_paths_first -Wl,-headerpad_max_install_names -lLLVM-12
# environment
TERM_SESSION_ID = w0t0p0:1029A118-CDD4-439D-8CB3-1E696090AAED
# environment
_ = /usr/local/opt/make/libexec/gnubin/make
# environment
COLORTERM = truecolor
# environment
NVM_CD_FLAGS = -q
# environment
VSCODE_AMD_ENTRYPOINT = vs/workbench/services/extensions/node/extensionHostProcess
# environment
HOME = /Users/greysonmurray
# environment
ELECTRON_RUN_AS_NODE = 1
# environment
TERM = xterm-256color
# environment
VSCODE_IPC_HOOK = /Users/greysonmurray/Library/Application Support/Code/1.61.2-main.sock
# default
.RECIPEPREFIX := 
# automatic
<F = $(notdir $<)
# default
SUFFIXES := 
# environment
VSCODE_CLI = 1
# environment
ELECTRON_NO_ATTACH_CONSOLE = 1
# makefile (from 'Makefile', line 2)
CXXFLAGS := -g -Wall -std=c++17 -I/usr/local/Cellar/llvm/12.0.1/include -std=c++14 -stdlib=libc++   -D__STDC_CONSTANT_MACROS -D__STDC_FORMAT_MACROS -D__STDC_LIMIT_MACROS
# default
.FEATURES := target-specific order-only second-expansion else-if shortest-stem undefine oneshell nocomment grouped-target extra-prereqs archives jobserver output-sync check-symlink load
# makefile (from 'Makefile', line 1)
CXX = clang++
# environment
TERM_PROGRAM_VERSION = 3.4.20201227
# variable set hash-table stats:
# Load=89/1024=9%, Rehash=0, Collisions=11/137=8%

# Pattern-specific Variable Values

# No pattern-specific variable values.

# Directories

# src (device 16777220, inode 58853986): 8 files, no impossibilities so far.
# . (device 16777220, inode 58853982): 9 files, no impossibilities.
# src/visitors (device 16777220, inode 59792345): 8 files, no impossibilities so far.

# 25 files, no impossibilities in 3 directories.

# Implicit Rules

%.o: %.cpp
#  recipe to execute (from 'Makefile', line 15):
	$(CXX) $(CXXFLAGS) -o $@ -c $<

# 1 implicit rules, 0 (0.0%) terminal.
# Files

# Not a target:
src/Operator.cpp:
#  Implicit rule search has been done.
#  Last modified 2021-10-23 11:17:57.514766298
#  File has been updated.
#  Successfully updated.

verbose:
#  Phony target (prerequisite of .PHONY).
#  Implicit rule search has not been done.
#  File does not exist.
#  File has not been updated.
#  recipe to execute (from 'Makefile', line 24):
	@echo $(SRCS)

src/visitors/CodegenVisitor.o: src/visitors/CodegenVisitor.cpp
#  Implicit rule search has been done.
#  Implicit/static pattern stem: 'src/visitors/CodegenVisitor'
#  Last modified 2021-10-22 22:54:07.394773263
#  File has been updated.
#  Successfully updated.
#  recipe to execute (from 'Makefile', line 15):
	$(CXX) $(CXXFLAGS) -o $@ -c $<

# Not a target:
src/ast/AST.o:
#  Implicit rule search has not been done.
#  Modification time never checked.
#  File has not been updated.

# Not a target:
Makefile:
#  Implicit rule search has been done.
#  Last modified 2021-10-15 17:10:48.492475137
#  File has been updated.
#  Successfully updated.

# Not a target:
src/Token.o:
#  Implicit rule search has not been done.
#  Modification time never checked.
#  File has not been updated.

# Not a target:
src/ast/ModuleAST.o:
#  Implicit rule search has not been done.
#  Modification time never checked.
#  File has not been updated.

# Not a target:
 
src/visitors/ASTStringifier.cpp:
#  Implicit rule search has been done.
#  Last modified 2021-10-22 12:35:26.042329965
#  File has been updated.
#  Successfully updated.

clean:
#  Phony target (prerequisite of .PHONY).
#  Implicit rule search has not been done.
#  File does not exist.
#  File has not been updated.
#  recipe to execute (from 'Makefile', line 19):
	@rm -f $(shell find src -type f -name '*.o')
	@rm -f $(EXEC)

out: src/visitors/ASTStringifier.o src/visitors/CodegenVisitor.o src/Operator.o src/Lexer.o src/io.o src/compile.o src/ast/VariableAST.o src/ast/AST.o src/ast/ExpressionAST.o src/ast/NumberAST.o src/ast/ModuleAST.o src/Parser.o src/main.o src/Token.o
#  Implicit rule search has not been done.
#  Last modified 2021-10-22 23:00:58.943373173
#  File has been updated.
#  Needs to be updated (-q is set).
# variable set hash-table stats:
# Load=0/32=0%, Rehash=0, Collisions=0/5=0%
#  recipe to execute (from 'Makefile', line 12):
	$(CXX) $(CXXFLAGS) $(LDFLAGS) -o $@ $^

# Not a target:
src/main.o:
#  Implicit rule search has not been done.
#  Modification time never checked.
#  File has not been updated.

# Not a target:
src/ast/NumberAST.o:
#  Implicit rule search has not been done.
#  Modification time never checked.
#  File has not been updated.

src/visitors/ASTStringifier.o: src/visitors/ASTStringifier.cpp
#  Implicit rule search has been done.
#  Implicit/static pattern stem: 'src/visitors/ASTStringifier'
#  Last modified 2021-10-22 22:54:06.385394328
#  File has been updated.
#  Successfully updated.
#  recipe to execute (from 'Makefile', line 15):
	$(CXX) $(CXXFLAGS) -o $@ -c $<

# Not a target:
.DEFAULT:
#  Implicit rule search has not been done.
#  Modification time never checked.
#  File has not been updated.

all: out
#  Command line target.
#  Implicit rule search has been done.
#  File does not exist.
#  File has been updated.
#  Needs to be updated (-q is set).
# variable set hash-table stats:
# Load=0/32=0%, Rehash=0, Collisions=0/5=0%

# Not a target:
src/io.o:
#  Implicit rule search has not been done.
#  Modification time never checked.
#  File has not been updated.

# Not a target:
src/Parser.o:
#  Implicit rule search has not been done.
#  Modification time never checked.
#  File has not been updated.

# Not a target:
src/ast/VariableAST.o:
#  Implicit rule search has not been done.
#  Modification time never checked.
#  File has not been updated.

# Not a target:
src/Lexer.o:
#  Implicit rule search has not been done.
#  Modification time never checked.
#  File has not been updated.

# Not a target:
src/compile.o:
#  Implicit rule search has not been done.
#  Modification time never checked.
#  File has not been updated.

src/Operator.o: src/Operator.cpp
#  Implicit rule search has been done.
#  Implicit/static pattern stem: 'src/Operator'
#  File does not exist.
#  File has been updated.
#  Needs to be updated (-q is set).
# automatic
# @ := src/Operator.o
# automatic
# * := src/Operator
# automatic
# < := src/Operator.cpp
# automatic
# + := src/Operator.cpp
# automatic
# % := 
# automatic
# ^ := src/Operator.cpp
# automatic
# ? := src/Operator.cpp
# automatic
# | := 
# variable set hash-table stats:
# Load=8/32=25%, Rehash=0, Collisions=1/15=7%
#  recipe to execute (from 'Makefile', line 15):
	$(CXX) $(CXXFLAGS) -o $@ -c $<

# Not a target:
src/visitors/CodegenVisitor.cpp:
#  Implicit rule search has been done.
#  Last modified 2021-10-21 19:07:25.044686567
#  File has been updated.
#  Successfully updated.

.PHONY: clean verbose
#  Implicit rule search has not been done.
#  Modification time never checked.
#  File has not been updated.

# Not a target:
src/ast/ExpressionAST.o:
#  Implicit rule search has not been done.
#  Modification time never checked.
#  File has not been updated.

# files hash-table stats:
# Load=25/1024=2%, Rehash=0, Collisions=0/66=0%
# VPATH Search Paths

# No 'vpath' search paths.

# No general ('VPATH' variable) search path.

# strcache buffers: 1 (0) / strings = 52 / storage = 737 B / avg = 14 B
# current buf: size = 8162 B / used = 737 B / count = 52 / avg = 14 B

# strcache performance: lookups = 75 / hit rate = 30%
# hash-table stats:
# Load=52/8192=1%, Rehash=0, Collisions=1/75=1%
# Finished Make data base on Mon Oct 25 21:30:32 2021

 
